<?xml version="1.0" encoding="UTF-8"?>
<testsuites>
  <testsuite name="" tests="23" assertions="313" errors="0" warnings="0" failures="0" skipped="0" time="0.028511">
    <testsuite name="Project Test Suite" tests="23" assertions="313" errors="0" warnings="0" failures="0" skipped="0" time="0.028511">
      <testsuite name="App\Card\CardGraphicTest" file="/home/maya/dbwebb-kurser/mvc/me/report/tests/Card/CardGraphicTest.php" tests="4" assertions="8" errors="0" warnings="0" failures="0" skipped="0" time="0.009332">
        <testcase name="testCreateCardGraphic" class="App\Card\CardGraphicTest" classname="App.Card.CardGraphicTest" file="/home/maya/dbwebb-kurser/mvc/me/report/tests/Card/CardGraphicTest.php" line="15" assertions="1" time="0.005101"/>
        <testcase name="testGetCardGraphicRepresentation" class="App\Card\CardGraphicTest" classname="App.Card.CardGraphicTest" file="/home/maya/dbwebb-kurser/mvc/me/report/tests/Card/CardGraphicTest.php" line="24" assertions="2" time="0.000837"/>
        <testcase name="testGetAllCards" class="App\Card\CardGraphicTest" classname="App.Card.CardGraphicTest" file="/home/maya/dbwebb-kurser/mvc/me/report/tests/Card/CardGraphicTest.php" line="36" assertions="2" time="0.000532"/>
        <testcase name="testShuffledCards" class="App\Card\CardGraphicTest" classname="App.Card.CardGraphicTest" file="/home/maya/dbwebb-kurser/mvc/me/report/tests/Card/CardGraphicTest.php" line="47" assertions="3" time="0.002862"/>
      </testsuite>
      <testsuite name="App\Card\CardHandTest" file="/home/maya/dbwebb-kurser/mvc/me/report/tests/Card/CardHandTest.php" tests="4" assertions="56" errors="0" warnings="0" failures="0" skipped="0" time="0.002001">
        <testcase name="testCreateCardHand" class="App\Card\CardHandTest" classname="App.Card.CardHandTest" file="/home/maya/dbwebb-kurser/mvc/me/report/tests/Card/CardHandTest.php" line="17" assertions="1" time="0.000617"/>
        <testcase name="testGetNumberCards" class="App\Card\CardHandTest" classname="App.Card.CardHandTest" file="/home/maya/dbwebb-kurser/mvc/me/report/tests/Card/CardHandTest.php" line="27" assertions="1" time="0.000312"/>
        <testcase name="testGetStringRepresentation" class="App\Card\CardHandTest" classname="App.Card.CardHandTest" file="/home/maya/dbwebb-kurser/mvc/me/report/tests/Card/CardHandTest.php" line="37" assertions="53" time="0.000531"/>
        <testcase name="testCalculateSumOfCardValues" class="App\Card\CardHandTest" classname="App.Card.CardHandTest" file="/home/maya/dbwebb-kurser/mvc/me/report/tests/Card/CardHandTest.php" line="51" assertions="1" time="0.000542"/>
      </testsuite>
      <testsuite name="App\Card\CardPlayTest" file="/home/maya/dbwebb-kurser/mvc/me/report/tests/Card/CardPlayTest.php" tests="3" assertions="6" errors="0" warnings="0" failures="0" skipped="0" time="0.009557">
        <testcase name="testConstructor" class="App\Card\CardPlayTest" classname="App.Card.CardPlayTest" file="/home/maya/dbwebb-kurser/mvc/me/report/tests/Card/CardPlayTest.php" line="14" assertions="2" time="0.000649"/>
        <testcase name="testDrawCardForPlayer" class="App\Card\CardPlayTest" classname="App.Card.CardPlayTest" file="/home/maya/dbwebb-kurser/mvc/me/report/tests/Card/CardPlayTest.php" line="21" assertions="2" time="0.008537"/>
        <testcase name="testDrawCardForDealer" class="App\Card\CardPlayTest" classname="App.Card.CardPlayTest" file="/home/maya/dbwebb-kurser/mvc/me/report/tests/Card/CardPlayTest.php" line="39" assertions="2" time="0.000370"/>
      </testsuite>
      <testsuite name="App\Card\CardPointsTest" file="/home/maya/dbwebb-kurser/mvc/me/report/tests/Card/CardPointsTest.php" tests="1" assertions="208" errors="0" warnings="0" failures="0" skipped="0" time="0.003945">
        <testcase name="testGetCardPoints" class="App\Card\CardPointsTest" classname="App.Card.CardPointsTest" file="/home/maya/dbwebb-kurser/mvc/me/report/tests/Card/CardPointsTest.php" line="15" assertions="208" time="0.003945"/>
      </testsuite>
      <testsuite name="App\Card\CardTest" file="/home/maya/dbwebb-kurser/mvc/me/report/tests/Card/CardTest.php" tests="5" assertions="13" errors="0" warnings="0" failures="0" skipped="0" time="0.001203">
        <testcase name="testCreateCard" class="App\Card\CardTest" classname="App.Card.CardTest" file="/home/maya/dbwebb-kurser/mvc/me/report/tests/Card/CardTest.php" line="15" assertions="1" time="0.000200"/>
        <testcase name="testTakeCard" class="App\Card\CardTest" classname="App.Card.CardTest" file="/home/maya/dbwebb-kurser/mvc/me/report/tests/Card/CardTest.php" line="24" assertions="4" time="0.000286"/>
        <testcase name="testGetCardValue" class="App\Card\CardTest" classname="App.Card.CardTest" file="/home/maya/dbwebb-kurser/mvc/me/report/tests/Card/CardTest.php" line="35" assertions="4" time="0.000304"/>
        <testcase name="testGetCardAsString" class="App\Card\CardTest" classname="App.Card.CardTest" file="/home/maya/dbwebb-kurser/mvc/me/report/tests/Card/CardTest.php" line="47" assertions="1" time="0.000205"/>
        <testcase name="testGetAllNumbers" class="App\Card\CardTest" classname="App.Card.CardTest" file="/home/maya/dbwebb-kurser/mvc/me/report/tests/Card/CardTest.php" line="58" assertions="3" time="0.000208"/>
      </testsuite>
      <testsuite name="DiceGraphicTest" file="/home/maya/dbwebb-kurser/mvc/me/report/tests/Dice/DiceGraphicTest.php" tests="1" assertions="6" errors="0" warnings="0" failures="0" skipped="0" time="0.000520">
        <testcase name="testGetAsString" class="DiceGraphicTest" classname="DiceGraphicTest" file="/home/maya/dbwebb-kurser/mvc/me/report/tests/Dice/DiceGraphicTest.php" line="8" assertions="6" time="0.000520"/>
      </testsuite>
      <testsuite name="App\Dice\DiceHandTest" file="/home/maya/dbwebb-kurser/mvc/me/report/tests/Dice/DiceHandTest.php" tests="4" assertions="9" errors="0" warnings="0" failures="0" skipped="0" time="0.001351">
        <testcase name="testAddDice" class="App\Dice\DiceHandTest" classname="App.Dice.DiceHandTest" file="/home/maya/dbwebb-kurser/mvc/me/report/tests/Dice/DiceHandTest.php" line="15" assertions="1" time="0.000431"/>
        <testcase name="testRoll" class="App\Dice\DiceHandTest" classname="App.Dice.DiceHandTest" file="/home/maya/dbwebb-kurser/mvc/me/report/tests/Dice/DiceHandTest.php" line="35" assertions="2" time="0.000458"/>
        <testcase name="testGetValues" class="App\Dice\DiceHandTest" classname="App.Dice.DiceHandTest" file="/home/maya/dbwebb-kurser/mvc/me/report/tests/Dice/DiceHandTest.php" line="57" assertions="3" time="0.000233"/>
        <testcase name="testGetString" class="App\Dice\DiceHandTest" classname="App.Dice.DiceHandTest" file="/home/maya/dbwebb-kurser/mvc/me/report/tests/Dice/DiceHandTest.php" line="83" assertions="3" time="0.000229"/>
      </testsuite>
      <testsuite name="App\Dice\DiceTest" file="/home/maya/dbwebb-kurser/mvc/me/report/tests/Dice/DiceTest.php" tests="1" assertions="7" errors="0" warnings="0" failures="0" skipped="0" time="0.000603">
        <testcase name="testCreateDice" class="App\Dice\DiceTest" classname="App.Dice.DiceTest" file="/home/maya/dbwebb-kurser/mvc/me/report/tests/Dice/DiceTest.php" line="15" assertions="7" time="0.000603"/>
      </testsuite>
    </testsuite>
  </testsuite>
</testsuites>
