<?xml version="1.0" encoding="UTF-8"?>
<testsuites>
  <testsuite name="" tests="67" assertions="375" errors="0" warnings="0" failures="0" skipped="0" time="0.619352">
    <testsuite name="Project Test Suite" tests="67" assertions="375" errors="0" warnings="0" failures="0" skipped="0" time="0.619352">
      <testsuite name="App\Card\CardGraphicTest" file="/home/maya/dbwebb-kurser/mvc/me/report/tests/Card/CardGraphicTest.php" tests="4" assertions="8" errors="0" warnings="0" failures="0" skipped="0" time="0.009357">
        <testcase name="testCreateCardGraphic" class="App\Card\CardGraphicTest" classname="App.Card.CardGraphicTest" file="/home/maya/dbwebb-kurser/mvc/me/report/tests/Card/CardGraphicTest.php" line="15" assertions="1" time="0.005149"/>
        <testcase name="testGetCardGraphicRepresentation" class="App\Card\CardGraphicTest" classname="App.Card.CardGraphicTest" file="/home/maya/dbwebb-kurser/mvc/me/report/tests/Card/CardGraphicTest.php" line="24" assertions="2" time="0.000860"/>
        <testcase name="testGetAllCards" class="App\Card\CardGraphicTest" classname="App.Card.CardGraphicTest" file="/home/maya/dbwebb-kurser/mvc/me/report/tests/Card/CardGraphicTest.php" line="36" assertions="2" time="0.000543"/>
        <testcase name="testShuffledCards" class="App\Card\CardGraphicTest" classname="App.Card.CardGraphicTest" file="/home/maya/dbwebb-kurser/mvc/me/report/tests/Card/CardGraphicTest.php" line="47" assertions="3" time="0.002805"/>
      </testsuite>
      <testsuite name="App\Card\CardHandTest" file="/home/maya/dbwebb-kurser/mvc/me/report/tests/Card/CardHandTest.php" tests="4" assertions="56" errors="0" warnings="0" failures="0" skipped="0" time="0.001972">
        <testcase name="testCreateCardHand" class="App\Card\CardHandTest" classname="App.Card.CardHandTest" file="/home/maya/dbwebb-kurser/mvc/me/report/tests/Card/CardHandTest.php" line="17" assertions="1" time="0.000576"/>
        <testcase name="testGetNumberCards" class="App\Card\CardHandTest" classname="App.Card.CardHandTest" file="/home/maya/dbwebb-kurser/mvc/me/report/tests/Card/CardHandTest.php" line="27" assertions="1" time="0.000307"/>
        <testcase name="testGetStringRepresentation" class="App\Card\CardHandTest" classname="App.Card.CardHandTest" file="/home/maya/dbwebb-kurser/mvc/me/report/tests/Card/CardHandTest.php" line="37" assertions="53" time="0.000528"/>
        <testcase name="testCalculateSumOfCardValues" class="App\Card\CardHandTest" classname="App.Card.CardHandTest" file="/home/maya/dbwebb-kurser/mvc/me/report/tests/Card/CardHandTest.php" line="51" assertions="1" time="0.000561"/>
      </testsuite>
      <testsuite name="App\Card\CardPlayTest" file="/home/maya/dbwebb-kurser/mvc/me/report/tests/Card/CardPlayTest.php" tests="3" assertions="6" errors="0" warnings="0" failures="0" skipped="0" time="0.009512">
        <testcase name="testConstructor" class="App\Card\CardPlayTest" classname="App.Card.CardPlayTest" file="/home/maya/dbwebb-kurser/mvc/me/report/tests/Card/CardPlayTest.php" line="14" assertions="2" time="0.000677"/>
        <testcase name="testDrawCardForPlayer" class="App\Card\CardPlayTest" classname="App.Card.CardPlayTest" file="/home/maya/dbwebb-kurser/mvc/me/report/tests/Card/CardPlayTest.php" line="21" assertions="2" time="0.008469"/>
        <testcase name="testDrawCardForDealer" class="App\Card\CardPlayTest" classname="App.Card.CardPlayTest" file="/home/maya/dbwebb-kurser/mvc/me/report/tests/Card/CardPlayTest.php" line="39" assertions="2" time="0.000365"/>
      </testsuite>
      <testsuite name="App\Card\CardPointsTest" file="/home/maya/dbwebb-kurser/mvc/me/report/tests/Card/CardPointsTest.php" tests="1" assertions="208" errors="0" warnings="0" failures="0" skipped="0" time="0.003866">
        <testcase name="testGetCardPoints" class="App\Card\CardPointsTest" classname="App.Card.CardPointsTest" file="/home/maya/dbwebb-kurser/mvc/me/report/tests/Card/CardPointsTest.php" line="15" assertions="208" time="0.003866"/>
      </testsuite>
      <testsuite name="App\Card\CardTest" file="/home/maya/dbwebb-kurser/mvc/me/report/tests/Card/CardTest.php" tests="5" assertions="13" errors="0" warnings="0" failures="0" skipped="0" time="0.001181">
        <testcase name="testCreateCard" class="App\Card\CardTest" classname="App.Card.CardTest" file="/home/maya/dbwebb-kurser/mvc/me/report/tests/Card/CardTest.php" line="15" assertions="1" time="0.000200"/>
        <testcase name="testTakeCard" class="App\Card\CardTest" classname="App.Card.CardTest" file="/home/maya/dbwebb-kurser/mvc/me/report/tests/Card/CardTest.php" line="24" assertions="4" time="0.000286"/>
        <testcase name="testGetCardValue" class="App\Card\CardTest" classname="App.Card.CardTest" file="/home/maya/dbwebb-kurser/mvc/me/report/tests/Card/CardTest.php" line="35" assertions="4" time="0.000282"/>
        <testcase name="testGetCardAsString" class="App\Card\CardTest" classname="App.Card.CardTest" file="/home/maya/dbwebb-kurser/mvc/me/report/tests/Card/CardTest.php" line="47" assertions="1" time="0.000194"/>
        <testcase name="testGetAllNumbers" class="App\Card\CardTest" classname="App.Card.CardTest" file="/home/maya/dbwebb-kurser/mvc/me/report/tests/Card/CardTest.php" line="58" assertions="3" time="0.000219"/>
      </testsuite>
      <testsuite name="App\Tests\Controller\CardControllerTest" file="/home/maya/dbwebb-kurser/mvc/me/report/tests/Controller/CardControllerTest.php" tests="7" assertions="8" errors="0" warnings="0" failures="0" skipped="0" time="0.225663">
        <testcase name="testHome" class="App\Tests\Controller\CardControllerTest" classname="App.Tests.Controller.CardControllerTest" file="/home/maya/dbwebb-kurser/mvc/me/report/tests/Controller/CardControllerTest.php" line="9" assertions="1" time="0.152094"/>
        <testcase name="testApi" class="App\Tests\Controller\CardControllerTest" classname="App.Tests.Controller.CardControllerTest" file="/home/maya/dbwebb-kurser/mvc/me/report/tests/Controller/CardControllerTest.php" line="18" assertions="1" time="0.011080"/>
        <testcase name="testSession" class="App\Tests\Controller\CardControllerTest" classname="App.Tests.Controller.CardControllerTest" file="/home/maya/dbwebb-kurser/mvc/me/report/tests/Controller/CardControllerTest.php" line="27" assertions="1" time="0.013151"/>
        <testcase name="testResetSession" class="App\Tests\Controller\CardControllerTest" classname="App.Tests.Controller.CardControllerTest" file="/home/maya/dbwebb-kurser/mvc/me/report/tests/Controller/CardControllerTest.php" line="36" assertions="2" time="0.007333"/>
        <testcase name="testDrawCard" class="App\Tests\Controller\CardControllerTest" classname="App.Tests.Controller.CardControllerTest" file="/home/maya/dbwebb-kurser/mvc/me/report/tests/Controller/CardControllerTest.php" line="45" assertions="1" time="0.010103"/>
        <testcase name="testDeckCard" class="App\Tests\Controller\CardControllerTest" classname="App.Tests.Controller.CardControllerTest" file="/home/maya/dbwebb-kurser/mvc/me/report/tests/Controller/CardControllerTest.php" line="54" assertions="1" time="0.013552"/>
        <testcase name="testShuffleCard" class="App\Tests\Controller\CardControllerTest" classname="App.Tests.Controller.CardControllerTest" file="/home/maya/dbwebb-kurser/mvc/me/report/tests/Controller/CardControllerTest.php" line="63" assertions="1" time="0.018350"/>
      </testsuite>
      <testsuite name="App\Tests\Controller\CardGameControllerTest" file="/home/maya/dbwebb-kurser/mvc/me/report/tests/Controller/CardGameControllerTest.php" tests="2" assertions="2" errors="0" warnings="0" failures="0" skipped="0" time="0.025640">
        <testcase name="testGame" class="App\Tests\Controller\CardGameControllerTest" classname="App.Tests.Controller.CardGameControllerTest" file="/home/maya/dbwebb-kurser/mvc/me/report/tests/Controller/CardGameControllerTest.php" line="9" assertions="1" time="0.011024"/>
        <testcase name="testGameStart" class="App\Tests\Controller\CardGameControllerTest" classname="App.Tests.Controller.CardGameControllerTest" file="/home/maya/dbwebb-kurser/mvc/me/report/tests/Controller/CardGameControllerTest.php" line="18" assertions="1" time="0.014616"/>
      </testsuite>
      <testsuite name="App\Tests\Controller\DiceGameControllerTest" file="/home/maya/dbwebb-kurser/mvc/me/report/tests/Controller/DiceGameControllerTest.php" tests="6" assertions="7" errors="0" warnings="0" failures="0" skipped="0" time="0.063355">
        <testcase name="testHome" class="App\Tests\Controller\DiceGameControllerTest" classname="App.Tests.Controller.DiceGameControllerTest" file="/home/maya/dbwebb-kurser/mvc/me/report/tests/Controller/DiceGameControllerTest.php" line="9" assertions="1" time="0.011351"/>
        <testcase name="testTestRollDice" class="App\Tests\Controller\DiceGameControllerTest" classname="App.Tests.Controller.DiceGameControllerTest" file="/home/maya/dbwebb-kurser/mvc/me/report/tests/Controller/DiceGameControllerTest.php" line="18" assertions="1" time="0.010869"/>
        <testcase name="testTestRollDices" class="App\Tests\Controller\DiceGameControllerTest" classname="App.Tests.Controller.DiceGameControllerTest" file="/home/maya/dbwebb-kurser/mvc/me/report/tests/Controller/DiceGameControllerTest.php" line="27" assertions="1" time="0.011669"/>
        <testcase name="testTestDiceHand" class="App\Tests\Controller\DiceGameControllerTest" classname="App.Tests.Controller.DiceGameControllerTest" file="/home/maya/dbwebb-kurser/mvc/me/report/tests/Controller/DiceGameControllerTest.php" line="36" assertions="1" time="0.011559"/>
        <testcase name="testInit" class="App\Tests\Controller\DiceGameControllerTest" classname="App.Tests.Controller.DiceGameControllerTest" file="/home/maya/dbwebb-kurser/mvc/me/report/tests/Controller/DiceGameControllerTest.php" line="45" assertions="1" time="0.010466"/>
        <testcase name="testInitCallback" class="App\Tests\Controller\DiceGameControllerTest" classname="App.Tests.Controller.DiceGameControllerTest" file="/home/maya/dbwebb-kurser/mvc/me/report/tests/Controller/DiceGameControllerTest.php" line="54" assertions="2" time="0.007442"/>
      </testsuite>
      <testsuite name="App\Tests\Controller\DrawCardControllerTest" file="/home/maya/dbwebb-kurser/mvc/me/report/tests/Controller/DrawCardControllerTest.php" tests="3" assertions="3" errors="0" warnings="0" failures="0" skipped="0" time="0.041506">
        <testcase name="testInit" class="App\Tests\Controller\DrawCardControllerTest" classname="App.Tests.Controller.DrawCardControllerTest" file="/home/maya/dbwebb-kurser/mvc/me/report/tests/Controller/DrawCardControllerTest.php" line="9" assertions="1" time="0.016371"/>
        <testcase name="testStart" class="App\Tests\Controller\DrawCardControllerTest" classname="App.Tests.Controller.DrawCardControllerTest" file="/home/maya/dbwebb-kurser/mvc/me/report/tests/Controller/DrawCardControllerTest.php" line="18" assertions="1" time="0.012497"/>
        <testcase name="testDrawMultiple" class="App\Tests\Controller\DrawCardControllerTest" classname="App.Tests.Controller.DrawCardControllerTest" file="/home/maya/dbwebb-kurser/mvc/me/report/tests/Controller/DrawCardControllerTest.php" line="27" assertions="1" time="0.012639"/>
      </testsuite>
      <testsuite name="App\Tests\Controller\LibraryControllerTest" file="/home/maya/dbwebb-kurser/mvc/me/report/tests/Controller/LibraryControllerTest.php" tests="3" assertions="3" errors="0" warnings="0" failures="0" skipped="0" time="0.033777">
        <testcase name="testIndex" class="App\Tests\Controller\LibraryControllerTest" classname="App.Tests.Controller.LibraryControllerTest" file="/home/maya/dbwebb-kurser/mvc/me/report/tests/Controller/LibraryControllerTest.php" line="10" assertions="1" time="0.011713"/>
        <testcase name="testLibraryDelete" class="App\Tests\Controller\LibraryControllerTest" classname="App.Tests.Controller.LibraryControllerTest" file="/home/maya/dbwebb-kurser/mvc/me/report/tests/Controller/LibraryControllerTest.php" line="38" assertions="1" time="0.010808"/>
        <testcase name="testLibraryAdd" class="App\Tests\Controller\LibraryControllerTest" classname="App.Tests.Controller.LibraryControllerTest" file="/home/maya/dbwebb-kurser/mvc/me/report/tests/Controller/LibraryControllerTest.php" line="56" assertions="1" time="0.011256"/>
      </testsuite>
      <testsuite name="LuckyControllerJsonTest" file="/home/maya/dbwebb-kurser/mvc/me/report/tests/Controller/LuckyControllerJsonTest.php" tests="4" assertions="4" errors="0" warnings="0" failures="0" skipped="0" time="0.029456">
        <testcase name="testInit" class="LuckyControllerJsonTest" classname="LuckyControllerJsonTest" file="/home/maya/dbwebb-kurser/mvc/me/report/tests/Controller/LuckyControllerJsonTest.php" line="8" assertions="1" time="0.011237"/>
        <testcase name="testJsonNumber" class="LuckyControllerJsonTest" classname="LuckyControllerJsonTest" file="/home/maya/dbwebb-kurser/mvc/me/report/tests/Controller/LuckyControllerJsonTest.php" line="15" assertions="1" time="0.006800"/>
        <testcase name="testGetQuote" class="LuckyControllerJsonTest" classname="LuckyControllerJsonTest" file="/home/maya/dbwebb-kurser/mvc/me/report/tests/Controller/LuckyControllerJsonTest.php" line="22" assertions="1" time="0.005901"/>
        <testcase name="testDeck" class="LuckyControllerJsonTest" classname="LuckyControllerJsonTest" file="/home/maya/dbwebb-kurser/mvc/me/report/tests/Controller/LuckyControllerJsonTest.php" line="29" assertions="1" time="0.005518"/>
      </testsuite>
      <testsuite name="App\Tests\Controller\LuckyControllerTest" file="/home/maya/dbwebb-kurser/mvc/me/report/tests/Controller/LuckyControllerTest.php" tests="1" assertions="1" errors="0" warnings="0" failures="0" skipped="0" time="0.005853">
        <testcase name="testIndex" class="App\Tests\Controller\LuckyControllerTest" classname="App.Tests.Controller.LuckyControllerTest" file="/home/maya/dbwebb-kurser/mvc/me/report/tests/Controller/LuckyControllerTest.php" line="9" assertions="1" time="0.005853"/>
      </testsuite>
      <testsuite name="LuckyControllerTwigTest" file="/home/maya/dbwebb-kurser/mvc/me/report/tests/Controller/LuckyControllerTwigTest.php" tests="3" assertions="3" errors="0" warnings="0" failures="0" skipped="0" time="0.034667">
        <testcase name="testNumberPage" class="LuckyControllerTwigTest" classname="LuckyControllerTwigTest" file="/home/maya/dbwebb-kurser/mvc/me/report/tests/Controller/LuckyControllerTwigTest.php" line="7" assertions="1" time="0.011113"/>
        <testcase name="testHomePage" class="LuckyControllerTwigTest" classname="LuckyControllerTwigTest" file="/home/maya/dbwebb-kurser/mvc/me/report/tests/Controller/LuckyControllerTwigTest.php" line="15" assertions="1" time="0.010884"/>
        <testcase name="testReportPage" class="LuckyControllerTwigTest" classname="LuckyControllerTwigTest" file="/home/maya/dbwebb-kurser/mvc/me/report/tests/Controller/LuckyControllerTwigTest.php" line="23" assertions="1" time="0.012670"/>
      </testsuite>
      <testsuite name="App\Tests\Controller\MarineCoverageControllerTest" file="/home/maya/dbwebb-kurser/mvc/me/report/tests/Controller/MarineCoverageControllerTest.php" tests="1" assertions="1" errors="0" warnings="0" failures="0" skipped="0" time="0.011047">
        <testcase name="testIndex" class="App\Tests\Controller\MarineCoverageControllerTest" classname="App.Tests.Controller.MarineCoverageControllerTest" file="/home/maya/dbwebb-kurser/mvc/me/report/tests/Controller/MarineCoverageControllerTest.php" line="10" assertions="1" time="0.011047"/>
      </testsuite>
      <testsuite name="App\Tests\Controller\MarineProtectionControllerTest" file="/home/maya/dbwebb-kurser/mvc/me/report/tests/Controller/MarineProtectionControllerTest.php" tests="1" assertions="1" errors="0" warnings="0" failures="0" skipped="0" time="0.011200">
        <testcase name="testIndex" class="App\Tests\Controller\MarineProtectionControllerTest" classname="App.Tests.Controller.MarineProtectionControllerTest" file="/home/maya/dbwebb-kurser/mvc/me/report/tests/Controller/MarineProtectionControllerTest.php" line="11" assertions="1" time="0.011200"/>
      </testsuite>
      <testsuite name="App\Tests\Controller\ProductControllerTest" file="/home/maya/dbwebb-kurser/mvc/me/report/tests/Controller/ProductControllerTest.php" tests="1" assertions="1" errors="0" warnings="0" failures="0" skipped="0" time="0.011152">
        <testcase name="testIndex" class="App\Tests\Controller\ProductControllerTest" classname="App.Tests.Controller.ProductControllerTest" file="/home/maya/dbwebb-kurser/mvc/me/report/tests/Controller/ProductControllerTest.php" line="10" assertions="1" time="0.011152"/>
      </testsuite>
      <testsuite name="App\Tests\Controller\ProjectControllerTest" file="/home/maya/dbwebb-kurser/mvc/me/report/tests/Controller/ProjectControllerTest.php" tests="5" assertions="5" errors="0" warnings="0" failures="0" skipped="0" time="0.060282">
        <testcase name="testHome" class="App\Tests\Controller\ProjectControllerTest" classname="App.Tests.Controller.ProjectControllerTest" file="/home/maya/dbwebb-kurser/mvc/me/report/tests/Controller/ProjectControllerTest.php" line="9" assertions="1" time="0.010978"/>
        <testcase name="testAbout" class="App\Tests\Controller\ProjectControllerTest" classname="App.Tests.Controller.ProjectControllerTest" file="/home/maya/dbwebb-kurser/mvc/me/report/tests/Controller/ProjectControllerTest.php" line="18" assertions="1" time="0.010253"/>
        <testcase name="testStatistic" class="App\Tests\Controller\ProjectControllerTest" classname="App.Tests.Controller.ProjectControllerTest" file="/home/maya/dbwebb-kurser/mvc/me/report/tests/Controller/ProjectControllerTest.php" line="27" assertions="1" time="0.016838"/>
        <testcase name="testProjApi" class="App\Tests\Controller\ProjectControllerTest" classname="App.Tests.Controller.ProjectControllerTest" file="/home/maya/dbwebb-kurser/mvc/me/report/tests/Controller/ProjectControllerTest.php" line="36" assertions="1" time="0.011932"/>
        <testcase name="testDatabase" class="App\Tests\Controller\ProjectControllerTest" classname="App.Tests.Controller.ProjectControllerTest" file="/home/maya/dbwebb-kurser/mvc/me/report/tests/Controller/ProjectControllerTest.php" line="45" assertions="1" time="0.010280"/>
      </testsuite>
      <testsuite name="App\Tests\Controller\SustainableFishControllerTest" file="/home/maya/dbwebb-kurser/mvc/me/report/tests/Controller/SustainableFishControllerTest.php" tests="2" assertions="3" errors="0" warnings="0" failures="0" skipped="0" time="0.035498">
        <testcase name="testIndex" class="App\Tests\Controller\SustainableFishControllerTest" classname="App.Tests.Controller.SustainableFishControllerTest" file="/home/maya/dbwebb-kurser/mvc/me/report/tests/Controller/SustainableFishControllerTest.php" line="12" assertions="1" time="0.010805"/>
        <testcase name="testDeleteAllSustainable" class="App\Tests\Controller\SustainableFishControllerTest" classname="App.Tests.Controller.SustainableFishControllerTest" file="/home/maya/dbwebb-kurser/mvc/me/report/tests/Controller/SustainableFishControllerTest.php" line="57" assertions="2" time="0.024692"/>
      </testsuite>
      <testsuite name="DiceGraphicTest" file="/home/maya/dbwebb-kurser/mvc/me/report/tests/Dice/DiceGraphicTest.php" tests="1" assertions="6" errors="0" warnings="0" failures="0" skipped="0" time="0.000295">
        <testcase name="testGetAsString" class="DiceGraphicTest" classname="DiceGraphicTest" file="/home/maya/dbwebb-kurser/mvc/me/report/tests/Dice/DiceGraphicTest.php" line="8" assertions="6" time="0.000295"/>
      </testsuite>
      <testsuite name="App\Dice\DiceHandTest" file="/home/maya/dbwebb-kurser/mvc/me/report/tests/Dice/DiceHandTest.php" tests="4" assertions="9" errors="0" warnings="0" failures="0" skipped="0" time="0.001389">
        <testcase name="testAddDice" class="App\Dice\DiceHandTest" classname="App.Dice.DiceHandTest" file="/home/maya/dbwebb-kurser/mvc/me/report/tests/Dice/DiceHandTest.php" line="15" assertions="1" time="0.000344"/>
        <testcase name="testRoll" class="App\Dice\DiceHandTest" classname="App.Dice.DiceHandTest" file="/home/maya/dbwebb-kurser/mvc/me/report/tests/Dice/DiceHandTest.php" line="35" assertions="2" time="0.000544"/>
        <testcase name="testGetValues" class="App\Dice\DiceHandTest" classname="App.Dice.DiceHandTest" file="/home/maya/dbwebb-kurser/mvc/me/report/tests/Dice/DiceHandTest.php" line="57" assertions="3" time="0.000251"/>
        <testcase name="testGetString" class="App\Dice\DiceHandTest" classname="App.Dice.DiceHandTest" file="/home/maya/dbwebb-kurser/mvc/me/report/tests/Dice/DiceHandTest.php" line="83" assertions="3" time="0.000250"/>
      </testsuite>
      <testsuite name="App\Dice\DiceTest" file="/home/maya/dbwebb-kurser/mvc/me/report/tests/Dice/DiceTest.php" tests="1" assertions="7" errors="0" warnings="0" failures="0" skipped="0" time="0.000663">
        <testcase name="testCreateDice" class="App\Dice\DiceTest" classname="App.Dice.DiceTest" file="/home/maya/dbwebb-kurser/mvc/me/report/tests/Dice/DiceTest.php" line="15" assertions="7" time="0.000663"/>
      </testsuite>
      <testsuite name="App\Tests\Entity\ProductTest" file="/home/maya/dbwebb-kurser/mvc/me/report/tests/Entity/ProductTest.php" tests="2" assertions="4" errors="0" warnings="0" failures="0" skipped="0" time="0.000702">
        <testcase name="testCreateProduct" class="App\Tests\Entity\ProductTest" classname="App.Tests.Entity.ProductTest" file="/home/maya/dbwebb-kurser/mvc/me/report/tests/Entity/ProductTest.php" line="16" assertions="3" time="0.000497"/>
        <testcase name="testId" class="App\Tests\Entity\ProductTest" classname="App.Tests.Entity.ProductTest" file="/home/maya/dbwebb-kurser/mvc/me/report/tests/Entity/ProductTest.php" line="32" assertions="1" time="0.000205"/>
      </testsuite>
      <testsuite name="App\Tests\Entity\MarineCoverageTest" file="/home/maya/dbwebb-kurser/mvc/me/report/tests/Proj/MarineCoverageTest.php" tests="1" assertions="4" errors="0" warnings="0" failures="0" skipped="0" time="0.000491">
        <testcase name="testCreateMarineCoverage" class="App\Tests\Entity\MarineCoverageTest" classname="App.Tests.Entity.MarineCoverageTest" file="/home/maya/dbwebb-kurser/mvc/me/report/tests/Proj/MarineCoverageTest.php" line="13" assertions="4" time="0.000491"/>
      </testsuite>
      <testsuite name="App\Tests\Entity\MarineProtectionTest" file="/home/maya/dbwebb-kurser/mvc/me/report/tests/Proj/MarineProtectionTest.php" tests="1" assertions="7" errors="0" warnings="0" failures="0" skipped="0" time="0.000560">
        <testcase name="testCreateMarineProtection" class="App\Tests\Entity\MarineProtectionTest" classname="App.Tests.Entity.MarineProtectionTest" file="/home/maya/dbwebb-kurser/mvc/me/report/tests/Proj/MarineProtectionTest.php" line="16" assertions="7" time="0.000560"/>
      </testsuite>
      <testsuite name="App\Tests\Entity\SustainableFishTest" file="/home/maya/dbwebb-kurser/mvc/me/report/tests/Proj/SustainableFishTest.php" tests="1" assertions="5" errors="0" warnings="0" failures="0" skipped="0" time="0.000266">
        <testcase name="testCreateSustainableFish" class="App\Tests\Entity\SustainableFishTest" classname="App.Tests.Entity.SustainableFishTest" file="/home/maya/dbwebb-kurser/mvc/me/report/tests/Proj/SustainableFishTest.php" line="16" assertions="5" time="0.000266"/>
      </testsuite>
    </testsuite>
  </testsuite>
</testsuites>
