<?xml version="1.0" encoding="UTF-8"?>
<testsuites>
  <testsuite name="" tests="92" assertions="421" errors="0" warnings="0" failures="0" skipped="0" time="0.956348">
    <testsuite name="Project Test Suite" tests="92" assertions="421" errors="0" warnings="0" failures="0" skipped="0" time="0.956348">
      <testsuite name="App\Card\CardGraphicTest" file="/home/maya/dbwebb-kurser/mvc/me/report/tests/Card/CardGraphicTest.php" tests="4" assertions="8" errors="0" warnings="0" failures="0" skipped="0" time="0.008814">
        <testcase name="testCreateCardGraphic" class="App\Card\CardGraphicTest" classname="App.Card.CardGraphicTest" file="/home/maya/dbwebb-kurser/mvc/me/report/tests/Card/CardGraphicTest.php" line="15" assertions="1" time="0.004441"/>
        <testcase name="testGetCardGraphicRepresentation" class="App\Card\CardGraphicTest" classname="App.Card.CardGraphicTest" file="/home/maya/dbwebb-kurser/mvc/me/report/tests/Card/CardGraphicTest.php" line="24" assertions="2" time="0.000996"/>
        <testcase name="testGetAllCards" class="App\Card\CardGraphicTest" classname="App.Card.CardGraphicTest" file="/home/maya/dbwebb-kurser/mvc/me/report/tests/Card/CardGraphicTest.php" line="36" assertions="2" time="0.000541"/>
        <testcase name="testShuffledCards" class="App\Card\CardGraphicTest" classname="App.Card.CardGraphicTest" file="/home/maya/dbwebb-kurser/mvc/me/report/tests/Card/CardGraphicTest.php" line="47" assertions="3" time="0.002836"/>
      </testsuite>
      <testsuite name="App\Card\CardHandTest" file="/home/maya/dbwebb-kurser/mvc/me/report/tests/Card/CardHandTest.php" tests="4" assertions="56" errors="0" warnings="0" failures="0" skipped="0" time="0.002020">
        <testcase name="testCreateCardHand" class="App\Card\CardHandTest" classname="App.Card.CardHandTest" file="/home/maya/dbwebb-kurser/mvc/me/report/tests/Card/CardHandTest.php" line="17" assertions="1" time="0.000613"/>
        <testcase name="testGetNumberCards" class="App\Card\CardHandTest" classname="App.Card.CardHandTest" file="/home/maya/dbwebb-kurser/mvc/me/report/tests/Card/CardHandTest.php" line="27" assertions="1" time="0.000315"/>
        <testcase name="testGetStringRepresentation" class="App\Card\CardHandTest" classname="App.Card.CardHandTest" file="/home/maya/dbwebb-kurser/mvc/me/report/tests/Card/CardHandTest.php" line="37" assertions="53" time="0.000548"/>
        <testcase name="testCalculateSumOfCardValues" class="App\Card\CardHandTest" classname="App.Card.CardHandTest" file="/home/maya/dbwebb-kurser/mvc/me/report/tests/Card/CardHandTest.php" line="51" assertions="1" time="0.000543"/>
      </testsuite>
      <testsuite name="App\Card\CardPlayTest" file="/home/maya/dbwebb-kurser/mvc/me/report/tests/Card/CardPlayTest.php" tests="3" assertions="6" errors="0" warnings="0" failures="0" skipped="0" time="0.009899">
        <testcase name="testConstructor" class="App\Card\CardPlayTest" classname="App.Card.CardPlayTest" file="/home/maya/dbwebb-kurser/mvc/me/report/tests/Card/CardPlayTest.php" line="14" assertions="2" time="0.000668"/>
        <testcase name="testDrawCardForPlayer" class="App\Card\CardPlayTest" classname="App.Card.CardPlayTest" file="/home/maya/dbwebb-kurser/mvc/me/report/tests/Card/CardPlayTest.php" line="21" assertions="2" time="0.008913"/>
        <testcase name="testDrawCardForDealer" class="App\Card\CardPlayTest" classname="App.Card.CardPlayTest" file="/home/maya/dbwebb-kurser/mvc/me/report/tests/Card/CardPlayTest.php" line="39" assertions="2" time="0.000318"/>
      </testsuite>
      <testsuite name="App\Card\CardPointsTest" file="/home/maya/dbwebb-kurser/mvc/me/report/tests/Card/CardPointsTest.php" tests="1" assertions="208" errors="0" warnings="0" failures="0" skipped="0" time="0.003980">
        <testcase name="testGetCardPoints" class="App\Card\CardPointsTest" classname="App.Card.CardPointsTest" file="/home/maya/dbwebb-kurser/mvc/me/report/tests/Card/CardPointsTest.php" line="15" assertions="208" time="0.003980"/>
      </testsuite>
      <testsuite name="App\Card\CardTest" file="/home/maya/dbwebb-kurser/mvc/me/report/tests/Card/CardTest.php" tests="5" assertions="13" errors="0" warnings="0" failures="0" skipped="0" time="0.001237">
        <testcase name="testCreateCard" class="App\Card\CardTest" classname="App.Card.CardTest" file="/home/maya/dbwebb-kurser/mvc/me/report/tests/Card/CardTest.php" line="15" assertions="1" time="0.000209"/>
        <testcase name="testTakeCard" class="App\Card\CardTest" classname="App.Card.CardTest" file="/home/maya/dbwebb-kurser/mvc/me/report/tests/Card/CardTest.php" line="24" assertions="4" time="0.000287"/>
        <testcase name="testGetCardValue" class="App\Card\CardTest" classname="App.Card.CardTest" file="/home/maya/dbwebb-kurser/mvc/me/report/tests/Card/CardTest.php" line="35" assertions="4" time="0.000294"/>
        <testcase name="testGetCardAsString" class="App\Card\CardTest" classname="App.Card.CardTest" file="/home/maya/dbwebb-kurser/mvc/me/report/tests/Card/CardTest.php" line="47" assertions="1" time="0.000229"/>
        <testcase name="testGetAllNumbers" class="App\Card\CardTest" classname="App.Card.CardTest" file="/home/maya/dbwebb-kurser/mvc/me/report/tests/Card/CardTest.php" line="58" assertions="3" time="0.000218"/>
      </testsuite>
      <testsuite name="App\Tests\Controller\CardControllerTest" file="/home/maya/dbwebb-kurser/mvc/me/report/tests/Controller/CardControllerTest.php" tests="7" assertions="8" errors="0" warnings="0" failures="0" skipped="0" time="0.222864">
        <testcase name="testHome" class="App\Tests\Controller\CardControllerTest" classname="App.Tests.Controller.CardControllerTest" file="/home/maya/dbwebb-kurser/mvc/me/report/tests/Controller/CardControllerTest.php" line="9" assertions="1" time="0.152223"/>
        <testcase name="testApi" class="App\Tests\Controller\CardControllerTest" classname="App.Tests.Controller.CardControllerTest" file="/home/maya/dbwebb-kurser/mvc/me/report/tests/Controller/CardControllerTest.php" line="18" assertions="1" time="0.011008"/>
        <testcase name="testSession" class="App\Tests\Controller\CardControllerTest" classname="App.Tests.Controller.CardControllerTest" file="/home/maya/dbwebb-kurser/mvc/me/report/tests/Controller/CardControllerTest.php" line="27" assertions="1" time="0.013175"/>
        <testcase name="testResetSession" class="App\Tests\Controller\CardControllerTest" classname="App.Tests.Controller.CardControllerTest" file="/home/maya/dbwebb-kurser/mvc/me/report/tests/Controller/CardControllerTest.php" line="36" assertions="2" time="0.007699"/>
        <testcase name="testDrawCard" class="App\Tests\Controller\CardControllerTest" classname="App.Tests.Controller.CardControllerTest" file="/home/maya/dbwebb-kurser/mvc/me/report/tests/Controller/CardControllerTest.php" line="45" assertions="1" time="0.010034"/>
        <testcase name="testDeckCard" class="App\Tests\Controller\CardControllerTest" classname="App.Tests.Controller.CardControllerTest" file="/home/maya/dbwebb-kurser/mvc/me/report/tests/Controller/CardControllerTest.php" line="54" assertions="1" time="0.014033"/>
        <testcase name="testShuffleCard" class="App\Tests\Controller\CardControllerTest" classname="App.Tests.Controller.CardControllerTest" file="/home/maya/dbwebb-kurser/mvc/me/report/tests/Controller/CardControllerTest.php" line="63" assertions="1" time="0.014691"/>
      </testsuite>
      <testsuite name="App\Tests\Controller\CardGameControllerTest" file="/home/maya/dbwebb-kurser/mvc/me/report/tests/Controller/CardGameControllerTest.php" tests="8" assertions="14" errors="0" warnings="0" failures="0" skipped="0" time="0.080275">
        <testcase name="testGame" class="App\Tests\Controller\CardGameControllerTest" classname="App.Tests.Controller.CardGameControllerTest" file="/home/maya/dbwebb-kurser/mvc/me/report/tests/Controller/CardGameControllerTest.php" line="9" assertions="1" time="0.011614"/>
        <testcase name="testGameStart" class="App\Tests\Controller\CardGameControllerTest" classname="App.Tests.Controller.CardGameControllerTest" file="/home/maya/dbwebb-kurser/mvc/me/report/tests/Controller/CardGameControllerTest.php" line="18" assertions="1" time="0.014800"/>
        <testcase name="testResetGame" class="App\Tests\Controller\CardGameControllerTest" classname="App.Tests.Controller.CardGameControllerTest" file="/home/maya/dbwebb-kurser/mvc/me/report/tests/Controller/CardGameControllerTest.php" line="27" assertions="2" time="0.007766"/>
        <testcase name="testGameDoc" class="App\Tests\Controller\CardGameControllerTest" classname="App.Tests.Controller.CardGameControllerTest" file="/home/maya/dbwebb-kurser/mvc/me/report/tests/Controller/CardGameControllerTest.php" line="35" assertions="1" time="0.011914"/>
        <testcase name="testApiGame" class="App\Tests\Controller\CardGameControllerTest" classname="App.Tests.Controller.CardGameControllerTest" file="/home/maya/dbwebb-kurser/mvc/me/report/tests/Controller/CardGameControllerTest.php" line="43" assertions="4" time="0.007618"/>
        <testcase name="testPlayerStay" class="App\Tests\Controller\CardGameControllerTest" classname="App.Tests.Controller.CardGameControllerTest" file="/home/maya/dbwebb-kurser/mvc/me/report/tests/Controller/CardGameControllerTest.php" line="56" assertions="2" time="0.007097"/>
        <testcase name="testDealerStay" class="App\Tests\Controller\CardGameControllerTest" classname="App.Tests.Controller.CardGameControllerTest" file="/home/maya/dbwebb-kurser/mvc/me/report/tests/Controller/CardGameControllerTest.php" line="64" assertions="2" time="0.006794"/>
        <testcase name="testMetrics" class="App\Tests\Controller\CardGameControllerTest" classname="App.Tests.Controller.CardGameControllerTest" file="/home/maya/dbwebb-kurser/mvc/me/report/tests/Controller/CardGameControllerTest.php" line="72" assertions="1" time="0.012672"/>
      </testsuite>
      <testsuite name="App\Tests\Controller\DiceGameControllerTest" file="/home/maya/dbwebb-kurser/mvc/me/report/tests/Controller/DiceGameControllerTest.php" tests="6" assertions="7" errors="0" warnings="0" failures="0" skipped="0" time="0.064971">
        <testcase name="testHome" class="App\Tests\Controller\DiceGameControllerTest" classname="App.Tests.Controller.DiceGameControllerTest" file="/home/maya/dbwebb-kurser/mvc/me/report/tests/Controller/DiceGameControllerTest.php" line="9" assertions="1" time="0.010860"/>
        <testcase name="testTestRollDice" class="App\Tests\Controller\DiceGameControllerTest" classname="App.Tests.Controller.DiceGameControllerTest" file="/home/maya/dbwebb-kurser/mvc/me/report/tests/Controller/DiceGameControllerTest.php" line="18" assertions="1" time="0.011483"/>
        <testcase name="testTestRollDices" class="App\Tests\Controller\DiceGameControllerTest" classname="App.Tests.Controller.DiceGameControllerTest" file="/home/maya/dbwebb-kurser/mvc/me/report/tests/Controller/DiceGameControllerTest.php" line="27" assertions="1" time="0.011975"/>
        <testcase name="testTestDiceHand" class="App\Tests\Controller\DiceGameControllerTest" classname="App.Tests.Controller.DiceGameControllerTest" file="/home/maya/dbwebb-kurser/mvc/me/report/tests/Controller/DiceGameControllerTest.php" line="36" assertions="1" time="0.011848"/>
        <testcase name="testInit" class="App\Tests\Controller\DiceGameControllerTest" classname="App.Tests.Controller.DiceGameControllerTest" file="/home/maya/dbwebb-kurser/mvc/me/report/tests/Controller/DiceGameControllerTest.php" line="45" assertions="1" time="0.011005"/>
        <testcase name="testInitCallback" class="App\Tests\Controller\DiceGameControllerTest" classname="App.Tests.Controller.DiceGameControllerTest" file="/home/maya/dbwebb-kurser/mvc/me/report/tests/Controller/DiceGameControllerTest.php" line="54" assertions="2" time="0.007800"/>
      </testsuite>
      <testsuite name="App\Tests\Controller\DrawCardControllerTest" file="/home/maya/dbwebb-kurser/mvc/me/report/tests/Controller/DrawCardControllerTest.php" tests="3" assertions="3" errors="0" warnings="0" failures="0" skipped="0" time="0.038638">
        <testcase name="testInit" class="App\Tests\Controller\DrawCardControllerTest" classname="App.Tests.Controller.DrawCardControllerTest" file="/home/maya/dbwebb-kurser/mvc/me/report/tests/Controller/DrawCardControllerTest.php" line="9" assertions="1" time="0.012704"/>
        <testcase name="testStart" class="App\Tests\Controller\DrawCardControllerTest" classname="App.Tests.Controller.DrawCardControllerTest" file="/home/maya/dbwebb-kurser/mvc/me/report/tests/Controller/DrawCardControllerTest.php" line="18" assertions="1" time="0.012731"/>
        <testcase name="testDrawMultiple" class="App\Tests\Controller\DrawCardControllerTest" classname="App.Tests.Controller.DrawCardControllerTest" file="/home/maya/dbwebb-kurser/mvc/me/report/tests/Controller/DrawCardControllerTest.php" line="27" assertions="1" time="0.013204"/>
      </testsuite>
      <testsuite name="App\Tests\Controller\LibraryControllerTest" file="/home/maya/dbwebb-kurser/mvc/me/report/tests/Controller/LibraryControllerTest.php" tests="7" assertions="8" errors="0" warnings="0" failures="0" skipped="0" time="0.118128">
        <testcase name="testIndex" class="App\Tests\Controller\LibraryControllerTest" classname="App.Tests.Controller.LibraryControllerTest" file="/home/maya/dbwebb-kurser/mvc/me/report/tests/Controller/LibraryControllerTest.php" line="10" assertions="1" time="0.012135"/>
        <testcase name="testViewAllLibrary" class="App\Tests\Controller\LibraryControllerTest" classname="App.Tests.Controller.LibraryControllerTest" file="/home/maya/dbwebb-kurser/mvc/me/report/tests/Controller/LibraryControllerTest.php" line="19" assertions="1" time="0.048981"/>
        <testcase name="testShowBookById" class="App\Tests\Controller\LibraryControllerTest" classname="App.Tests.Controller.LibraryControllerTest" file="/home/maya/dbwebb-kurser/mvc/me/report/tests/Controller/LibraryControllerTest.php" line="28" assertions="1" time="0.013880"/>
        <testcase name="testLibraryDelete" class="App\Tests\Controller\LibraryControllerTest" classname="App.Tests.Controller.LibraryControllerTest" file="/home/maya/dbwebb-kurser/mvc/me/report/tests/Controller/LibraryControllerTest.php" line="36" assertions="1" time="0.011062"/>
        <testcase name="testChangeBook" class="App\Tests\Controller\LibraryControllerTest" classname="App.Tests.Controller.LibraryControllerTest" file="/home/maya/dbwebb-kurser/mvc/me/report/tests/Controller/LibraryControllerTest.php" line="45" assertions="1" time="0.013630"/>
        <testcase name="testLibraryAdd" class="App\Tests\Controller\LibraryControllerTest" classname="App.Tests.Controller.LibraryControllerTest" file="/home/maya/dbwebb-kurser/mvc/me/report/tests/Controller/LibraryControllerTest.php" line="54" assertions="1" time="0.011250"/>
        <testcase name="testApiLibraryBooks" class="App\Tests\Controller\LibraryControllerTest" classname="App.Tests.Controller.LibraryControllerTest" file="/home/maya/dbwebb-kurser/mvc/me/report/tests/Controller/LibraryControllerTest.php" line="63" assertions="2" time="0.007191"/>
      </testsuite>
      <testsuite name="LuckyControllerJsonTest" file="/home/maya/dbwebb-kurser/mvc/me/report/tests/Controller/LuckyControllerJsonTest.php" tests="4" assertions="4" errors="0" warnings="0" failures="0" skipped="0" time="0.028174">
        <testcase name="testInit" class="LuckyControllerJsonTest" classname="LuckyControllerJsonTest" file="/home/maya/dbwebb-kurser/mvc/me/report/tests/Controller/LuckyControllerJsonTest.php" line="8" assertions="1" time="0.010715"/>
        <testcase name="testJsonNumber" class="LuckyControllerJsonTest" classname="LuckyControllerJsonTest" file="/home/maya/dbwebb-kurser/mvc/me/report/tests/Controller/LuckyControllerJsonTest.php" line="15" assertions="1" time="0.006037"/>
        <testcase name="testGetQuote" class="LuckyControllerJsonTest" classname="LuckyControllerJsonTest" file="/home/maya/dbwebb-kurser/mvc/me/report/tests/Controller/LuckyControllerJsonTest.php" line="22" assertions="1" time="0.005972"/>
        <testcase name="testDeck" class="LuckyControllerJsonTest" classname="LuckyControllerJsonTest" file="/home/maya/dbwebb-kurser/mvc/me/report/tests/Controller/LuckyControllerJsonTest.php" line="29" assertions="1" time="0.005451"/>
      </testsuite>
      <testsuite name="App\Tests\Controller\LuckyControllerTest" file="/home/maya/dbwebb-kurser/mvc/me/report/tests/Controller/LuckyControllerTest.php" tests="1" assertions="1" errors="0" warnings="0" failures="0" skipped="0" time="0.006207">
        <testcase name="testIndex" class="App\Tests\Controller\LuckyControllerTest" classname="App.Tests.Controller.LuckyControllerTest" file="/home/maya/dbwebb-kurser/mvc/me/report/tests/Controller/LuckyControllerTest.php" line="9" assertions="1" time="0.006207"/>
      </testsuite>
      <testsuite name="LuckyControllerTwigTest" file="/home/maya/dbwebb-kurser/mvc/me/report/tests/Controller/LuckyControllerTwigTest.php" tests="3" assertions="3" errors="0" warnings="0" failures="0" skipped="0" time="0.035130">
        <testcase name="testNumberPage" class="LuckyControllerTwigTest" classname="LuckyControllerTwigTest" file="/home/maya/dbwebb-kurser/mvc/me/report/tests/Controller/LuckyControllerTwigTest.php" line="7" assertions="1" time="0.011246"/>
        <testcase name="testHomePage" class="LuckyControllerTwigTest" classname="LuckyControllerTwigTest" file="/home/maya/dbwebb-kurser/mvc/me/report/tests/Controller/LuckyControllerTwigTest.php" line="15" assertions="1" time="0.011004"/>
        <testcase name="testReportPage" class="LuckyControllerTwigTest" classname="LuckyControllerTwigTest" file="/home/maya/dbwebb-kurser/mvc/me/report/tests/Controller/LuckyControllerTwigTest.php" line="23" assertions="1" time="0.012879"/>
      </testsuite>
      <testsuite name="App\Tests\Controller\MarineCoverageControllerTest" file="/home/maya/dbwebb-kurser/mvc/me/report/tests/Controller/MarineCoverageControllerTest.php" tests="5" assertions="7" errors="0" warnings="0" failures="0" skipped="0" time="0.090853">
        <testcase name="testIndex" class="App\Tests\Controller\MarineCoverageControllerTest" classname="App.Tests.Controller.MarineCoverageControllerTest" file="/home/maya/dbwebb-kurser/mvc/me/report/tests/Controller/MarineCoverageControllerTest.php" line="10" assertions="1" time="0.011293"/>
        <testcase name="testCreateMarineCoverageData" class="App\Tests\Controller\MarineCoverageControllerTest" classname="App.Tests.Controller.MarineCoverageControllerTest" file="/home/maya/dbwebb-kurser/mvc/me/report/tests/Controller/MarineCoverageControllerTest.php" line="20" assertions="2" time="0.036957"/>
        <testcase name="testShowMarineCoverageData" class="App\Tests\Controller\MarineCoverageControllerTest" classname="App.Tests.Controller.MarineCoverageControllerTest" file="/home/maya/dbwebb-kurser/mvc/me/report/tests/Controller/MarineCoverageControllerTest.php" line="31" assertions="1" time="0.009410"/>
        <testcase name="testDeleteAllMarineCoverage" class="App\Tests\Controller\MarineCoverageControllerTest" classname="App.Tests.Controller.MarineCoverageControllerTest" file="/home/maya/dbwebb-kurser/mvc/me/report/tests/Controller/MarineCoverageControllerTest.php" line="43" assertions="1" time="0.021807"/>
        <testcase name="testGetMarineData" class="App\Tests\Controller\MarineCoverageControllerTest" classname="App.Tests.Controller.MarineCoverageControllerTest" file="/home/maya/dbwebb-kurser/mvc/me/report/tests/Controller/MarineCoverageControllerTest.php" line="53" assertions="2" time="0.011386"/>
      </testsuite>
      <testsuite name="App\Tests\Controller\MarineProtectionControllerTest" file="/home/maya/dbwebb-kurser/mvc/me/report/tests/Controller/MarineProtectionControllerTest.php" tests="5" assertions="10" errors="0" warnings="0" failures="0" skipped="0" time="0.059475">
        <testcase name="testIndex" class="App\Tests\Controller\MarineProtectionControllerTest" classname="App.Tests.Controller.MarineProtectionControllerTest" file="/home/maya/dbwebb-kurser/mvc/me/report/tests/Controller/MarineProtectionControllerTest.php" line="11" assertions="1" time="0.010716"/>
        <testcase name="testCreateMarineProtection" class="App\Tests\Controller\MarineProtectionControllerTest" classname="App.Tests.Controller.MarineProtectionControllerTest" file="/home/maya/dbwebb-kurser/mvc/me/report/tests/Controller/MarineProtectionControllerTest.php" line="20" assertions="3" time="0.016319"/>
        <testcase name="testShowAllMarine" class="App\Tests\Controller\MarineProtectionControllerTest" classname="App.Tests.Controller.MarineProtectionControllerTest" file="/home/maya/dbwebb-kurser/mvc/me/report/tests/Controller/MarineProtectionControllerTest.php" line="40" assertions="1" time="0.010825"/>
        <testcase name="testDeleteAllMarine" class="App\Tests\Controller\MarineProtectionControllerTest" classname="App.Tests.Controller.MarineProtectionControllerTest" file="/home/maya/dbwebb-kurser/mvc/me/report/tests/Controller/MarineProtectionControllerTest.php" line="51" assertions="3" time="0.013868"/>
        <testcase name="testGetMarineData" class="App\Tests\Controller\MarineProtectionControllerTest" classname="App.Tests.Controller.MarineProtectionControllerTest" file="/home/maya/dbwebb-kurser/mvc/me/report/tests/Controller/MarineProtectionControllerTest.php" line="72" assertions="2" time="0.007747"/>
      </testsuite>
      <testsuite name="App\Tests\Controller\ProductControllerTest" file="/home/maya/dbwebb-kurser/mvc/me/report/tests/Controller/ProductControllerTest.php" tests="5" assertions="7" errors="0" warnings="0" failures="0" skipped="0" time="0.055902">
        <testcase name="testIndex" class="App\Tests\Controller\ProductControllerTest" classname="App.Tests.Controller.ProductControllerTest" file="/home/maya/dbwebb-kurser/mvc/me/report/tests/Controller/ProductControllerTest.php" line="10" assertions="1" time="0.010752"/>
        <testcase name="testCreateProduct" class="App\Tests\Controller\ProductControllerTest" classname="App.Tests.Controller.ProductControllerTest" file="/home/maya/dbwebb-kurser/mvc/me/report/tests/Controller/ProductControllerTest.php" line="19" assertions="1" time="0.013335"/>
        <testcase name="testShowAllProduct" class="App\Tests\Controller\ProductControllerTest" classname="App.Tests.Controller.ProductControllerTest" file="/home/maya/dbwebb-kurser/mvc/me/report/tests/Controller/ProductControllerTest.php" line="29" assertions="2" time="0.010494"/>
        <testcase name="testShowProductById" class="App\Tests\Controller\ProductControllerTest" classname="App.Tests.Controller.ProductControllerTest" file="/home/maya/dbwebb-kurser/mvc/me/report/tests/Controller/ProductControllerTest.php" line="39" assertions="2" time="0.007426"/>
        <testcase name="testViewAllProduct" class="App\Tests\Controller\ProductControllerTest" classname="App.Tests.Controller.ProductControllerTest" file="/home/maya/dbwebb-kurser/mvc/me/report/tests/Controller/ProductControllerTest.php" line="49" assertions="1" time="0.013894"/>
      </testsuite>
      <testsuite name="App\Tests\Controller\ProjectControllerTest" file="/home/maya/dbwebb-kurser/mvc/me/report/tests/Controller/ProjectControllerTest.php" tests="5" assertions="5" errors="0" warnings="0" failures="0" skipped="0" time="0.067391">
        <testcase name="testHome" class="App\Tests\Controller\ProjectControllerTest" classname="App.Tests.Controller.ProjectControllerTest" file="/home/maya/dbwebb-kurser/mvc/me/report/tests/Controller/ProjectControllerTest.php" line="9" assertions="1" time="0.011237"/>
        <testcase name="testAbout" class="App\Tests\Controller\ProjectControllerTest" classname="App.Tests.Controller.ProjectControllerTest" file="/home/maya/dbwebb-kurser/mvc/me/report/tests/Controller/ProjectControllerTest.php" line="18" assertions="1" time="0.010189"/>
        <testcase name="testStatistic" class="App\Tests\Controller\ProjectControllerTest" classname="App.Tests.Controller.ProjectControllerTest" file="/home/maya/dbwebb-kurser/mvc/me/report/tests/Controller/ProjectControllerTest.php" line="27" assertions="1" time="0.022263"/>
        <testcase name="testProjApi" class="App\Tests\Controller\ProjectControllerTest" classname="App.Tests.Controller.ProjectControllerTest" file="/home/maya/dbwebb-kurser/mvc/me/report/tests/Controller/ProjectControllerTest.php" line="36" assertions="1" time="0.012058"/>
        <testcase name="testDatabase" class="App\Tests\Controller\ProjectControllerTest" classname="App.Tests.Controller.ProjectControllerTest" file="/home/maya/dbwebb-kurser/mvc/me/report/tests/Controller/ProjectControllerTest.php" line="45" assertions="1" time="0.011644"/>
      </testsuite>
      <testsuite name="App\Tests\Controller\SustainableFishControllerTest" file="/home/maya/dbwebb-kurser/mvc/me/report/tests/Controller/SustainableFishControllerTest.php" tests="4" assertions="9" errors="0" warnings="0" failures="0" skipped="0" time="0.055672">
        <testcase name="testIndex" class="App\Tests\Controller\SustainableFishControllerTest" classname="App.Tests.Controller.SustainableFishControllerTest" file="/home/maya/dbwebb-kurser/mvc/me/report/tests/Controller/SustainableFishControllerTest.php" line="12" assertions="1" time="0.011161"/>
        <testcase name="testCreateSustainableFishData" class="App\Tests\Controller\SustainableFishControllerTest" classname="App.Tests.Controller.SustainableFishControllerTest" file="/home/maya/dbwebb-kurser/mvc/me/report/tests/Controller/SustainableFishControllerTest.php" line="21" assertions="3" time="0.018852"/>
        <testcase name="testGetSustainableFishData" class="App\Tests\Controller\SustainableFishControllerTest" classname="App.Tests.Controller.SustainableFishControllerTest" file="/home/maya/dbwebb-kurser/mvc/me/report/tests/Controller/SustainableFishControllerTest.php" line="40" assertions="3" time="0.015356"/>
        <testcase name="testDeleteAllSustainable" class="App\Tests\Controller\SustainableFishControllerTest" classname="App.Tests.Controller.SustainableFishControllerTest" file="/home/maya/dbwebb-kurser/mvc/me/report/tests/Controller/SustainableFishControllerTest.php" line="55" assertions="2" time="0.010303"/>
      </testsuite>
      <testsuite name="DiceGraphicTest" file="/home/maya/dbwebb-kurser/mvc/me/report/tests/Dice/DiceGraphicTest.php" tests="1" assertions="6" errors="0" warnings="0" failures="0" skipped="0" time="0.000333">
        <testcase name="testGetAsString" class="DiceGraphicTest" classname="DiceGraphicTest" file="/home/maya/dbwebb-kurser/mvc/me/report/tests/Dice/DiceGraphicTest.php" line="8" assertions="6" time="0.000333"/>
      </testsuite>
      <testsuite name="App\Dice\DiceHandTest" file="/home/maya/dbwebb-kurser/mvc/me/report/tests/Dice/DiceHandTest.php" tests="4" assertions="9" errors="0" warnings="0" failures="0" skipped="0" time="0.001260">
        <testcase name="testAddDice" class="App\Dice\DiceHandTest" classname="App.Dice.DiceHandTest" file="/home/maya/dbwebb-kurser/mvc/me/report/tests/Dice/DiceHandTest.php" line="15" assertions="1" time="0.000225"/>
        <testcase name="testRoll" class="App\Dice\DiceHandTest" classname="App.Dice.DiceHandTest" file="/home/maya/dbwebb-kurser/mvc/me/report/tests/Dice/DiceHandTest.php" line="35" assertions="2" time="0.000517"/>
        <testcase name="testGetValues" class="App\Dice\DiceHandTest" classname="App.Dice.DiceHandTest" file="/home/maya/dbwebb-kurser/mvc/me/report/tests/Dice/DiceHandTest.php" line="57" assertions="3" time="0.000271"/>
        <testcase name="testGetString" class="App\Dice\DiceHandTest" classname="App.Dice.DiceHandTest" file="/home/maya/dbwebb-kurser/mvc/me/report/tests/Dice/DiceHandTest.php" line="83" assertions="3" time="0.000247"/>
      </testsuite>
      <testsuite name="App\Dice\DiceTest" file="/home/maya/dbwebb-kurser/mvc/me/report/tests/Dice/DiceTest.php" tests="1" assertions="7" errors="0" warnings="0" failures="0" skipped="0" time="0.000402">
        <testcase name="testCreateDice" class="App\Dice\DiceTest" classname="App.Dice.DiceTest" file="/home/maya/dbwebb-kurser/mvc/me/report/tests/Dice/DiceTest.php" line="15" assertions="7" time="0.000402"/>
      </testsuite>
      <testsuite name="App\Tests\Entity\ProductTest" file="/home/maya/dbwebb-kurser/mvc/me/report/tests/Entity/ProductTest.php" tests="2" assertions="4" errors="0" warnings="0" failures="0" skipped="0" time="0.000456">
        <testcase name="testCreateProduct" class="App\Tests\Entity\ProductTest" classname="App.Tests.Entity.ProductTest" file="/home/maya/dbwebb-kurser/mvc/me/report/tests/Entity/ProductTest.php" line="16" assertions="3" time="0.000227"/>
        <testcase name="testId" class="App\Tests\Entity\ProductTest" classname="App.Tests.Entity.ProductTest" file="/home/maya/dbwebb-kurser/mvc/me/report/tests/Entity/ProductTest.php" line="32" assertions="1" time="0.000230"/>
      </testsuite>
      <testsuite name="App\Tests\Entity\MarineCoverageTest" file="/home/maya/dbwebb-kurser/mvc/me/report/tests/Proj/MarineCoverageTest.php" tests="1" assertions="4" errors="0" warnings="0" failures="0" skipped="0" time="0.000231">
        <testcase name="testCreateMarineCoverage" class="App\Tests\Entity\MarineCoverageTest" classname="App.Tests.Entity.MarineCoverageTest" file="/home/maya/dbwebb-kurser/mvc/me/report/tests/Proj/MarineCoverageTest.php" line="13" assertions="4" time="0.000231"/>
      </testsuite>
      <testsuite name="App\Tests\Entity\MarineProtectionTest" file="/home/maya/dbwebb-kurser/mvc/me/report/tests/Proj/MarineProtectionTest.php" tests="1" assertions="7" errors="0" warnings="0" failures="0" skipped="0" time="0.000263">
        <testcase name="testCreateMarineProtection" class="App\Tests\Entity\MarineProtectionTest" classname="App.Tests.Entity.MarineProtectionTest" file="/home/maya/dbwebb-kurser/mvc/me/report/tests/Proj/MarineProtectionTest.php" line="16" assertions="7" time="0.000263"/>
      </testsuite>
      <testsuite name="App\Tests\Entity\SustainableFishTest" file="/home/maya/dbwebb-kurser/mvc/me/report/tests/Proj/SustainableFishTest.php" tests="1" assertions="5" errors="0" warnings="0" failures="0" skipped="0" time="0.000251">
        <testcase name="testCreateSustainableFish" class="App\Tests\Entity\SustainableFishTest" classname="App.Tests.Entity.SustainableFishTest" file="/home/maya/dbwebb-kurser/mvc/me/report/tests/Proj/SustainableFishTest.php" line="16" assertions="5" time="0.000251"/>
      </testsuite>
      <testsuite name="App\Tests\Repository\LibraryRepositoryTest" file="/home/maya/dbwebb-kurser/mvc/me/report/tests/Repository/LibraryRepositoryTest.php" tests="1" assertions="2" errors="0" warnings="0" failures="0" skipped="0" time="0.003519">
        <testcase name="testFindAll" class="App\Tests\Repository\LibraryRepositoryTest" classname="App.Tests.Repository.LibraryRepositoryTest" file="/home/maya/dbwebb-kurser/mvc/me/report/tests/Repository/LibraryRepositoryTest.php" line="24" assertions="2" time="0.003519"/>
      </testsuite>
    </testsuite>
  </testsuite>
</testsuites>
